Added Component: Designator=C1(C_CER_M5)
Add component (AddParameter): Name = "ComponentLink1Description"; Value = "Website Smart World"; VariantName = "[No Variations]"
Add component (AddParameter): Name = "ComponentLink1URL"; Value = "https://www.smartw.ir/"; VariantName = "[No Variations]"
Add component (AddParameter): Name = "ComponentLink2Description"; Value = "Telegram"; VariantName = "[No Variations]"
Add component (AddParameter): Name = "ComponentLink2URL"; Value = "https://t.me/altium_smartw"; VariantName = "[No Variations]"
Add component (AddParameter): Name = "ComponentLink3Description"; Value = "Instagram"; VariantName = "[No Variations]"
Add component (AddParameter): Name = "ComponentLink3URL"; Value = "https://Instagram.com/smartgw.ir"; VariantName = "[No Variations]"
Add component (AddParameter): Name = "DatasheetVersion"; Value = "2021"; VariantName = "[No Variations]"
Add component (AddParameter): Name = "Value"; Value = "100nf"; VariantName = "[No Variations]"
Added Component: Designator=C2(C1206)
Add component (AddParameter): Name = "ComponentLink1Description"; Value = "Website Smart World"; VariantName = "[No Variations]"
Add component (AddParameter): Name = "ComponentLink1URL"; Value = "https://www.smartw.ir/"; VariantName = "[No Variations]"
Add component (AddParameter): Name = "ComponentLink2Description"; Value = "Telegram"; VariantName = "[No Variations]"
Add component (AddParameter): Name = "ComponentLink2URL"; Value = "https://t.me/altium_smartw"; VariantName = "[No Variations]"
Add component (AddParameter): Name = "ComponentLink3Description"; Value = "Instagram"; VariantName = "[No Variations]"
Add component (AddParameter): Name = "ComponentLink3URL"; Value = "https://Instagram.com/smartgw.ir"; VariantName = "[No Variations]"
Add component (AddParameter): Name = "DatasheetVersion"; Value = "2021"; VariantName = "[No Variations]"
Add component (AddParameter): Name = "Value"; Value = "100nf"; VariantName = "[No Variations]"
Added Component: Designator=C3(C_CER_M5)
Add component (AddParameter): Name = "ComponentLink1Description"; Value = "Website Smart World"; VariantName = "[No Variations]"
Add component (AddParameter): Name = "ComponentLink1URL"; Value = "https://www.smartw.ir/"; VariantName = "[No Variations]"
Add component (AddParameter): Name = "ComponentLink2Description"; Value = "Telegram"; VariantName = "[No Variations]"
Add component (AddParameter): Name = "ComponentLink2URL"; Value = "https://t.me/altium_smartw"; VariantName = "[No Variations]"
Add component (AddParameter): Name = "ComponentLink3Description"; Value = "Instagram"; VariantName = "[No Variations]"
Add component (AddParameter): Name = "ComponentLink3URL"; Value = "https://Instagram.com/smartgw.ir"; VariantName = "[No Variations]"
Add component (AddParameter): Name = "DatasheetVersion"; Value = "2021"; VariantName = "[No Variations]"
Add component (AddParameter): Name = "Value"; Value = "100nf"; VariantName = "[No Variations]"
Added Component: Designator=C4(C1206)
Add component (AddParameter): Name = "ComponentLink1Description"; Value = "Website Smart World"; VariantName = "[No Variations]"
Add component (AddParameter): Name = "ComponentLink1URL"; Value = "https://www.smartw.ir/"; VariantName = "[No Variations]"
Add component (AddParameter): Name = "ComponentLink2Description"; Value = "Telegram"; VariantName = "[No Variations]"
Add component (AddParameter): Name = "ComponentLink2URL"; Value = "https://t.me/altium_smartw"; VariantName = "[No Variations]"
Add component (AddParameter): Name = "ComponentLink3Description"; Value = "Instagram"; VariantName = "[No Variations]"
Add component (AddParameter): Name = "ComponentLink3URL"; Value = "https://Instagram.com/smartgw.ir"; VariantName = "[No Variations]"
Add component (AddParameter): Name = "DatasheetVersion"; Value = "2021"; VariantName = "[No Variations]"
Add component (AddParameter): Name = "Value"; Value = "100nf"; VariantName = "[No Variations]"
Added Component: Designator=C5(C_CER_M5)
Add component (AddParameter): Name = "ComponentLink1Description"; Value = "Website Smart World"; VariantName = "[No Variations]"
Add component (AddParameter): Name = "ComponentLink1URL"; Value = "https://www.smartw.ir/"; VariantName = "[No Variations]"
Add component (AddParameter): Name = "ComponentLink2Description"; Value = "Telegram"; VariantName = "[No Variations]"
Add component (AddParameter): Name = "ComponentLink2URL"; Value = "https://t.me/altium_smartw"; VariantName = "[No Variations]"
Add component (AddParameter): Name = "ComponentLink3Description"; Value = "Instagram"; VariantName = "[No Variations]"
Add component (AddParameter): Name = "ComponentLink3URL"; Value = "https://Instagram.com/smartgw.ir"; VariantName = "[No Variations]"
Add component (AddParameter): Name = "DatasheetVersion"; Value = "2021"; VariantName = "[No Variations]"
Add component (AddParameter): Name = "Value"; Value = "100nf"; VariantName = "[No Variations]"
Added Component: Designator=C6(C1206)
Add component (AddParameter): Name = "ComponentLink1Description"; Value = "Website Smart World"; VariantName = "[No Variations]"
Add component (AddParameter): Name = "ComponentLink1URL"; Value = "https://www.smartw.ir/"; VariantName = "[No Variations]"
Add component (AddParameter): Name = "ComponentLink2Description"; Value = "Telegram"; VariantName = "[No Variations]"
Add component (AddParameter): Name = "ComponentLink2URL"; Value = "https://t.me/altium_smartw"; VariantName = "[No Variations]"
Add component (AddParameter): Name = "ComponentLink3Description"; Value = "Instagram"; VariantName = "[No Variations]"
Add component (AddParameter): Name = "ComponentLink3URL"; Value = "https://Instagram.com/smartgw.ir"; VariantName = "[No Variations]"
Add component (AddParameter): Name = "DatasheetVersion"; Value = "2021"; VariantName = "[No Variations]"
Add component (AddParameter): Name = "Value"; Value = "100nf"; VariantName = "[No Variations]"
Added Component: Designator=P1(MHDR1X04-254P)
Added Component: Designator=S1(Encoder)
Add component (AddParameter): Name = "ComponentLink1Description"; Value = "Website Smart World"; VariantName = "[No Variations]"
Add component (AddParameter): Name = "ComponentLink1URL"; Value = "https://www.smartw.ir/"; VariantName = "[No Variations]"
Add component (AddParameter): Name = "ComponentLink2Description"; Value = "Telegram"; VariantName = "[No Variations]"
Add component (AddParameter): Name = "ComponentLink2URL"; Value = "https://t.me/altium_smartw"; VariantName = "[No Variations]"
Add component (AddParameter): Name = "ComponentLink3Description"; Value = "Instagram"; VariantName = "[No Variations]"
Add component (AddParameter): Name = "ComponentLink3URL"; Value = "https://Instagram.com/smartgw.ir"; VariantName = "[No Variations]"
Add component (AddParameter): Name = "DatasheetVersion"; Value = "2021"; VariantName = "[No Variations]"
Added Pin To Net: NetName=GND Pin=C1-2
Added Pin To Net: NetName=GND Pin=C2-2
Added Pin To Net: NetName=GND Pin=C3-2
Added Pin To Net: NetName=GND Pin=C4-2
Added Pin To Net: NetName=GND Pin=C5-2
Added Pin To Net: NetName=GND Pin=C6-2
Added Pin To Net: NetName=GND Pin=S1-3
Added Pin To Net: NetName=GND Pin=S1-4
Added Net: Name=GND
Added Pin To Net: NetName=OutA Pin=C3-1
Added Pin To Net: NetName=OutA Pin=C4-1
Added Pin To Net: NetName=OutA Pin=S1-1
Added Net: Name=OutA
Added Pin To Net: NetName=OutB Pin=C5-1
Added Pin To Net: NetName=OutB Pin=C6-1
Added Pin To Net: NetName=OutB Pin=S1-2
Added Net: Name=OutB
Added Pin To Net: NetName=Switch Pin=C1-1
Added Pin To Net: NetName=Switch Pin=C2-1
Added Pin To Net: NetName=Switch Pin=S1-5
Added Net: Name=Switch
Added Class: Name=Encoder
Added Room: Name=Encoder
